<?xml version="1.0" encoding="UTF-8"?>
<!-- Generated by org.testng.reporters.JUnitReportReporter -->
<testsuite hostname="jo03mw460" failures="0" tests="3" name="runner.ApiRunner" time="4.154" errors="0" timestamp="2025-08-31T01:41:44 EEST" skipped="0">
  <testcase classname="runner.ApiRunner" name="runScenario" time="3.369"/>
  <testcase classname="runner.ApiRunner" name="runScenario" time="0.506"/>
  <testcase classname="runner.ApiRunner" name="runScenario" time="0.279"/>
</testsuite> <!-- runner.ApiRunner -->
