<?xml version="1.0" encoding="UTF-8"?>
<!-- Generated by org.testng.reporters.JUnitReportReporter -->
<testsuite hostname="jo03mw460" failures="0" tests="1" name="apiDemo.booksAPI" time="0.636" errors="0" timestamp="2025-08-29T01:09:18 EEST" skipped="0">
  <testcase classname="apiDemo.booksAPI" name="getBooks_shouldReturnList" time="0.636"/>
</testsuite> <!-- apiDemo.booksAPI -->
