<?xml version="1.0" encoding="UTF-8"?>
<!-- Generated by org.testng.reporters.JUnitReportReporter -->
<testsuite hostname="jo03mw460" failures="0" tests="1" name="saucedemo.homePage" time="4.332" errors="0" timestamp="2025-08-28T23:59:18 EEST" skipped="0">
  <testcase classname="saucedemo.homePage" name="DemoTest" time="4.332"/>
</testsuite> <!-- saucedemo.homePage -->
