<?xml version="1.0" encoding="UTF-8"?>
<!-- Generated by org.testng.reporters.JUnitReportReporter -->
<testsuite hostname="jo03mw460" failures="0" tests="1" name="runner.runner" time="4.420" errors="0" timestamp="2025-08-30T21:44:53 EEST" skipped="0">
  <testcase classname="runner.runner" name="runScenario" time="4.420"/>
</testsuite> <!-- runner.runner -->
