<?xml version="1.0" encoding="UTF-8"?>
<!-- Generated by org.testng.reporters.JUnitReportReporter -->
<testsuite hostname="jo03mw460" failures="0" tests="4" name="runner.runner" time="8.876" errors="0" timestamp="2025-08-31T00:38:21 EEST" skipped="0">
  <testcase classname="runner.runner" name="runScenario" time="0.517"/>
  <testcase classname="runner.runner" name="runScenario" time="2.963"/>
  <testcase classname="runner.runner" name="runScenario" time="0.537"/>
  <testcase classname="runner.runner" name="runScenario" time="4.859"/>
</testsuite> <!-- runner.runner -->
