<?xml version="1.0" encoding="UTF-8"?>
<!-- Generated by org.testng.reporters.JUnitReportReporter -->
<testsuite hostname="jo03mw460" failures="0" tests="3" name="apiDemo.booksAPI" time="2.345" errors="0" timestamp="2025-08-29T15:35:18 EEST" skipped="0">
  <testcase classname="apiDemo.booksAPI" name="getBooks_shouldReturnList" time="0.958"/>
  <testcase classname="apiDemo.booksAPI" name="createOrder_shouldSucceed" time="0.804"/>
  <testcase classname="apiDemo.booksAPI" name="deleteOrder_shouldSucceed" time="0.583"/>
</testsuite> <!-- apiDemo.booksAPI -->
