<?xml version="1.0" encoding="UTF-8"?>
<!-- Generated by org.testng.reporters.JUnitReportReporter -->
<testsuite hostname="jo03mw460" failures="0" tests="1" name="saucedemo.homePage" time="7.252" errors="0" timestamp="2025-08-28T22:11:13 EEST" skipped="0">
  <testcase classname="saucedemo.homePage" name="test" time="7.252"/>
</testsuite> <!-- saucedemo.homePage -->
