<?xml version="1.0" encoding="UTF-8"?>
<!-- Generated by org.testng.reporters.JUnitReportReporter -->
<testsuite hostname="jo03mw460" failures="0" tests="3" name="runner.ApiRunner" time="3.617" errors="0" timestamp="2025-08-31T01:30:29 EEST" skipped="0">
  <testcase classname="runner.ApiRunner" name="runScenario" time="2.584"/>
  <testcase classname="runner.ApiRunner" name="runScenario" time="0.536"/>
  <testcase classname="runner.ApiRunner" name="runScenario" time="0.497"/>
</testsuite> <!-- runner.ApiRunner -->
