<?xml version="1.0" encoding="UTF-8"?>
<!-- Generated by org.testng.reporters.JUnitReportReporter -->
<testsuite hostname="jo03mw460" failures="0" tests="4" name="runner.runner" time="8.556" errors="0" timestamp="2025-08-30T21:55:31 EEST" skipped="0">
  <testcase classname="runner.runner" name="runScenario" time="2.960"/>
  <testcase classname="runner.runner" name="runScenario" time="0.650"/>
  <testcase classname="runner.runner" name="runScenario" time="0.621"/>
  <testcase classname="runner.runner" name="runScenario" time="4.325"/>
</testsuite> <!-- runner.runner -->
