<?xml version="1.0" encoding="UTF-8"?>
<!-- Generated by org.testng.reporters.JUnitReportReporter -->
<testsuite hostname="jo03mw460" failures="0" tests="4" name="runner.runner" time="10.940" errors="0" timestamp="2025-08-31T00:10:40 EEST" skipped="0">
  <testcase classname="runner.runner" name="runScenario" time="0.621"/>
  <testcase classname="runner.runner" name="runScenario" time="5.471"/>
  <testcase classname="runner.runner" name="runScenario" time="4.179"/>
  <testcase classname="runner.runner" name="runScenario" time="0.669"/>
</testsuite> <!-- runner.runner -->
