<?xml version="1.0" encoding="UTF-8"?>
<!-- Generated by org.testng.reporters.JUnitReportReporter -->
<testsuite hostname="jo03mw460" failures="0" tests="2" name="apiDemo.booksAPI" time="1.262" errors="0" timestamp="2025-08-29T15:24:44 EEST" skipped="0">
  <testcase classname="apiDemo.booksAPI" name="createOrder_shouldSucceed" time="0.479"/>
  <testcase classname="apiDemo.booksAPI" name="deleteOrder_shouldSucceed" time="0.783"/>
</testsuite> <!-- apiDemo.booksAPI -->
