<?xml version="1.0" encoding="UTF-8"?>
<!-- Generated by org.testng.reporters.JUnitReportReporter -->
<testsuite hostname="jo03mw460" failures="0" tests="1" name="runner.UiRunner" time="6.640" errors="0" timestamp="2025-08-31T01:41:44 EEST" skipped="0">
  <testcase classname="runner.UiRunner" name="runScenario" time="6.640"/>
</testsuite> <!-- runner.UiRunner -->
